<?xml version="1.0" encoding="UTF-8"?>
<!-- Generated by org.testng.reporters.JUnitReportReporter -->
<testsuite skipped="0" hostname="INF-L-861906" name="com.vTiger.testCases.TC_001LoginNew" tests="2" failures="0" timestamp="15 May 2019 12:23:14 GMT" time="16.267" errors="0">
  <testcase name="createCampaign" time="11.774" classname="com.vTiger.testCases.TC_001LoginNew"/>
  <testcase name="testMethod2" time="4.493" classname="com.vTiger.testCases.TC_001LoginNew"/>
</testsuite> <!-- com.vTiger.testCases.TC_001LoginNew -->
