<?xml version="1.0" encoding="UTF-8"?>
<!-- Generated by org.testng.reporters.JUnitReportReporter -->
<testsuite skipped="0" hostname="INF-L-861906" name="com.vTiger.testCases.TestCase_001" tests="1" failures="0" timestamp="15 May 2019 12:23:14 GMT" time="2.994" errors="0">
  <testcase name="loginTest" time="2.994" classname="com.vTiger.testCases.TestCase_001"/>
</testsuite> <!-- com.vTiger.testCases.TestCase_001 -->
