<?xml version="1.0" encoding="UTF-8"?>
<!-- Generated by org.testng.reporters.JUnitReportReporter -->
<testsuite skipped="0" hostname="INF-L-861906" name="com.vTiger.testCases.TestCase_003_CreateCampaign" tests="4" failures="0" timestamp="15 May 2019 12:23:14 GMT" time="40.214" errors="0">
  <testcase name="createCampaignDDT" time="11.013" classname="com.vTiger.testCases.TestCase_003_CreateCampaign"/>
  <testcase name="createCampaignDDT" time="9.882" classname="com.vTiger.testCases.TestCase_003_CreateCampaign"/>
  <testcase name="createCampaignDDT" time="9.557" classname="com.vTiger.testCases.TestCase_003_CreateCampaign"/>
  <testcase name="createCampaignDDT" time="9.762" classname="com.vTiger.testCases.TestCase_003_CreateCampaign"/>
</testsuite> <!-- com.vTiger.testCases.TestCase_003_CreateCampaign -->
