<?xml version="1.0" encoding="UTF-8"?>
<!-- Generated by org.testng.reporters.JUnitReportReporter -->
<testsuite skipped="0" hostname="DESKTOP-HNA92ND" name="com.vTiger.testCases.TestCase_003_CreateCampaign" tests="4" failures="0" timestamp="20 May 2019 12:25:38 GMT" time="113.179" errors="0">
  <testcase name="createCampaignDDT" time="12.509" classname="com.vTiger.testCases.TestCase_003_CreateCampaign"/>
  <testcase name="createCampaignDDT" time="68.656" classname="com.vTiger.testCases.TestCase_003_CreateCampaign"/>
  <testcase name="createCampaignDDT" time="20.091" classname="com.vTiger.testCases.TestCase_003_CreateCampaign"/>
  <testcase name="createCampaignDDT" time="11.923" classname="com.vTiger.testCases.TestCase_003_CreateCampaign"/>
</testsuite> <!-- com.vTiger.testCases.TestCase_003_CreateCampaign -->
