<?xml version="1.0" encoding="UTF-8"?>
<!-- Generated by org.testng.reporters.JUnitReportReporter -->
<testsuite skipped="0" hostname="DESKTOP-HNA92ND" name="com.vTiger.testCases.TestCase_001" tests="1" failures="0" timestamp="20 May 2019 12:25:38 GMT" time="18.165" errors="0">
  <testcase name="loginTest" time="18.165" classname="com.vTiger.testCases.TestCase_001"/>
</testsuite> <!-- com.vTiger.testCases.TestCase_001 -->
